c:\users\yang\desktop\vit\mt2_code\mt2_code\debug\vc140.pdb
c:\users\yang\desktop\vit\mt2_code\mt2_code\debug\vc140.idb
c:\users\yang\desktop\vit\mt2_code\mt2_code\debug\glutils.obj
c:\users\yang\desktop\vit\mt2_code\mt2_code\debug\grid.obj
c:\users\yang\desktop\vit\mt2_code\mt2_code\debug\laser.obj
c:\users\yang\desktop\vit\mt2_code\mt2_code\debug\lighthouse.obj
c:\users\yang\desktop\vit\mt2_code\mt2_code\debug\lighting.obj
c:\users\yang\desktop\vit\mt2_code\mt2_code\debug\main.obj
c:\users\yang\desktop\vit\mt2_code\mt2_code\debug\missile.obj
c:\users\yang\desktop\vit\mt2_code\mt2_code\debug\particle.obj
c:\users\yang\desktop\vit\mt2_code\mt2_code\debug\primitive.obj
c:\users\yang\desktop\vit\mt2_code\mt2_code\debug\projectile.obj
c:\users\yang\desktop\vit\mt2_code\mt2_code\debug\quaternion.obj
c:\users\yang\desktop\vit\mt2_code\mt2_code\debug\segment.obj
c:\users\yang\desktop\vit\mt2_code\mt2_code\debug\skybox.obj
c:\users\yang\desktop\vit\mt2_code\mt2_code\debug\terran.obj
c:\users\yang\desktop\vit\mt2_code\mt2_code\debug\tie.obj
c:\users\yang\desktop\vit\mt2_code\mt2_code\debug\tringularprism.obj
c:\users\yang\desktop\vit\mt2_code\mt2_code\debug\utility.obj
c:\users\yang\desktop\vit\mt2_code\mt2_code\debug\vec4.obj
c:\users\yang\desktop\vit\mt2_code\mt2_code\debug\water.obj
c:\users\yang\desktop\vit\mt2_code\mt2_code\debug\xwing.obj
c:\users\yang\desktop\vit\mt2_code\mt2_code\debug\2dtext.obj
c:\users\yang\desktop\vit\mt2_code\mt2_code\debug\axes.obj
c:\users\yang\desktop\vit\mt2_code\mt2_code\debug\billboard.obj
c:\users\yang\desktop\vit\mt2_code\mt2_code\debug\boat.obj
c:\users\yang\desktop\vit\mt2_code\mt2_code\debug\cubeclass.obj
c:\users\yang\desktop\vit\mt2_code\mt2_code\debug\fileoperations.obj
c:\users\yang\desktop\vit\mt2_code\mt2_code\debug\billboard.obj.enc
c:\users\yang\desktop\vit\mt2_code\debug\mt2_code.pdb
c:\users\yang\desktop\vit\mt2_code\mt2_code\debug\mt2_code.tlog\cl.command.1.tlog
c:\users\yang\desktop\vit\mt2_code\mt2_code\debug\mt2_code.tlog\cl.read.1.tlog
c:\users\yang\desktop\vit\mt2_code\mt2_code\debug\mt2_code.tlog\cl.write.1.tlog
c:\users\yang\desktop\vit\mt2_code\mt2_code\debug\mt2_code.tlog\link.command.1.tlog
c:\users\yang\desktop\vit\mt2_code\mt2_code\debug\mt2_code.tlog\link.read.1.tlog
c:\users\yang\desktop\vit\mt2_code\mt2_code\debug\mt2_code.tlog\link.write.1.tlog
